Построение начато 17.09.2017 6:08:19 .
     1>Проект "C:\Users\Admin\Desktop\System\1.13ecosystem 08.08.2017\system\system.vcxproj" в узле 2 (целевые объекты build).
     1>InitializeBuildStatus:
         Создание "Release\system.unsuccessfulbuild", так как было задано "AlwaysCreate".
       ClCompile:
         C:\Program Files (x86)\Microsoft Visual Studio 10.0\VC\bin\CL.exe /c /Zi /nologo /W3 /WX- /O2 /Oi /Oy- /GL /D _MBCS /Gm- /EHsc /MD /GS /Gy /fp:precise /Zc:wchar_t /Zc:forScope /Fo"Release\\" /Fd"Release\vc100.pdb" /Gd /TP /analyze- /errorReport:prompt src\main.cpp
         main.cpp
     1>c:\users\admin\desktop\system\1.13ecosystem 08.08.2017\system\headers\../Headers/vector.h(25): warning C4227: устаревший элемент: пропуск квалификаторов для ссылки
     1>c:\users\admin\desktop\system\1.13ecosystem 08.08.2017\system\headers\../Headers/vector.h(26): warning C4227: устаревший элемент: пропуск квалификаторов для ссылки
     1>c:\users\admin\desktop\system\1.13ecosystem 08.08.2017\system\headers\../Headers/vector.h(27): warning C4227: устаревший элемент: пропуск квалификаторов для ссылки
     1>c:\users\admin\desktop\system\1.13ecosystem 08.08.2017\system\headers\../Headers/vector.h(31): warning C4227: устаревший элемент: пропуск квалификаторов для ссылки
     1>c:\users\admin\desktop\system\1.13ecosystem 08.08.2017\system\headers\../Headers/vector.h(33): warning C4227: устаревший элемент: пропуск квалификаторов для ссылки
     1>c:\users\admin\desktop\system\1.13ecosystem 08.08.2017\system\headers\../Headers/vector.h(34): warning C4227: устаревший элемент: пропуск квалификаторов для ссылки
     1>c:\users\admin\desktop\system\1.13ecosystem 08.08.2017\system\headers\../Headers/vector.h(35): warning C4227: устаревший элемент: пропуск квалификаторов для ссылки
     1>c:\users\admin\desktop\system\1.13ecosystem 08.08.2017\system\headers\../Headers/vector.h(39): warning C4227: устаревший элемент: пропуск квалификаторов для ссылки
     1>c:\users\admin\desktop\system\1.13ecosystem 08.08.2017\system\headers\../Headers/vector.h(40): warning C4227: устаревший элемент: пропуск квалификаторов для ссылки
     1>c:\users\admin\desktop\system\1.13ecosystem 08.08.2017\system\headers\../Headers/map.h(119): warning C4018: <: несоответствие типов со знаком и без знака
     1>c:\users\admin\desktop\system\1.13ecosystem 08.08.2017\system\headers\../Headers/map.h(120): warning C4018: <: несоответствие типов со знаком и без знака
     1>src\main.cpp(137): warning C4996: 'fopen': This function or variable may be unsafe. Consider using fopen_s instead. To disable deprecation, use _CRT_SECURE_NO_WARNINGS. See online help for details.
                 C:\Program Files (x86)\Microsoft Visual Studio 10.0\VC\include\stdio.h(234): см. объявление "fopen"
     1>src\main.cpp(138): warning C4996: 'fopen': This function or variable may be unsafe. Consider using fopen_s instead. To disable deprecation, use _CRT_SECURE_NO_WARNINGS. See online help for details.
                 C:\Program Files (x86)\Microsoft Visual Studio 10.0\VC\include\stdio.h(234): см. объявление "fopen"
     1>src\main.cpp(139): warning C4996: 'fopen': This function or variable may be unsafe. Consider using fopen_s instead. To disable deprecation, use _CRT_SECURE_NO_WARNINGS. See online help for details.
                 C:\Program Files (x86)\Microsoft Visual Studio 10.0\VC\include\stdio.h(234): см. объявление "fopen"
     1>src\main.cpp(140): warning C4996: 'fopen': This function or variable may be unsafe. Consider using fopen_s instead. To disable deprecation, use _CRT_SECURE_NO_WARNINGS. See online help for details.
                 C:\Program Files (x86)\Microsoft Visual Studio 10.0\VC\include\stdio.h(234): см. объявление "fopen"
     1>src\main.cpp(141): warning C4996: 'fopen': This function or variable may be unsafe. Consider using fopen_s instead. To disable deprecation, use _CRT_SECURE_NO_WARNINGS. See online help for details.
                 C:\Program Files (x86)\Microsoft Visual Studio 10.0\VC\include\stdio.h(234): см. объявление "fopen"
     1>src\main.cpp(452): warning C4996: 'fopen': This function or variable may be unsafe. Consider using fopen_s instead. To disable deprecation, use _CRT_SECURE_NO_WARNINGS. See online help for details.
                 C:\Program Files (x86)\Microsoft Visual Studio 10.0\VC\include\stdio.h(234): см. объявление "fopen"
     1>src\main.cpp(453): warning C4996: 'fopen': This function or variable may be unsafe. Consider using fopen_s instead. To disable deprecation, use _CRT_SECURE_NO_WARNINGS. See online help for details.
                 C:\Program Files (x86)\Microsoft Visual Studio 10.0\VC\include\stdio.h(234): см. объявление "fopen"
     1>src\main.cpp(454): warning C4996: 'fopen': This function or variable may be unsafe. Consider using fopen_s instead. To disable deprecation, use _CRT_SECURE_NO_WARNINGS. See online help for details.
                 C:\Program Files (x86)\Microsoft Visual Studio 10.0\VC\include\stdio.h(234): см. объявление "fopen"
     1>src\main.cpp(455): warning C4996: 'fopen': This function or variable may be unsafe. Consider using fopen_s instead. To disable deprecation, use _CRT_SECURE_NO_WARNINGS. See online help for details.
                 C:\Program Files (x86)\Microsoft Visual Studio 10.0\VC\include\stdio.h(234): см. объявление "fopen"
     1>src\main.cpp(456): warning C4996: 'fopen': This function or variable may be unsafe. Consider using fopen_s instead. To disable deprecation, use _CRT_SECURE_NO_WARNINGS. See online help for details.
                 C:\Program Files (x86)\Microsoft Visual Studio 10.0\VC\include\stdio.h(234): см. объявление "fopen"
       Link:
         C:\Program Files (x86)\Microsoft Visual Studio 10.0\VC\bin\link.exe /ERRORREPORT:PROMPT /OUT:"C:\Users\Admin\Desktop\System\1.13ecosystem 08.08.2017\Release\system.exe" /NOLOGO kernel32.lib user32.lib gdi32.lib winspool.lib comdlg32.lib advapi32.lib shell32.lib ole32.lib oleaut32.lib uuid.lib odbc32.lib odbccp32.lib /MANIFEST /ManifestFile:"Release\system.exe.intermediate.manifest" /MANIFESTUAC:"level='asInvoker' uiAccess='false'" /DEBUG /PDB:"C:\Users\Admin\Desktop\System\1.13ecosystem 08.08.2017\Release\system.pdb" /OPT:REF /OPT:ICF /LTCG /TLBID:1 /DYNAMICBASE /NXCOMPAT /IMPLIB:"C:\Users\Admin\Desktop\System\1.13ecosystem 08.08.2017\Release\system.lib" /MACHINE:X86 Release\animal.obj
         Release\fancs.obj
         Release\main.obj
         Release\map.obj
         Release\vector.obj
         Создание кода
         Создание кода завершено
         system.vcxproj -> C:\Users\Admin\Desktop\System\1.13ecosystem 08.08.2017\Release\system.exe
       Manifest:
         C:\Program Files (x86)\Microsoft SDKs\Windows\v7.0A\bin\mt.exe /nologo /verbose /outputresource:"C:\Users\Admin\Desktop\System\1.13ecosystem 08.08.2017\Release\system.exe;#1" /manifest Release\system.exe.intermediate.manifest
       FinalizeBuildStatus:
         Файл "Release\system.unsuccessfulbuild" удаляется.
         Обращение к "Release\system.lastbuildstate".
     1>Построение проекта "C:\Users\Admin\Desktop\System\1.13ecosystem 08.08.2017\system\system.vcxproj" завершено (целевые объекты build).

Построение успешно завершено.

Затраченное время: 00:00:03.45
